<?xml version="1.0" encoding="UTF-8"?>
<!-- Generated by org.testng.reporters.JUnitReportReporter -->
<testsuite skipped="0" hostname="DESKTOP-C8R6ERM" name="com.selenium.elements.practise.InputBox" tests="1" failures="0" timestamp="01 Apr 2019 20:30:25 GMT" time="21.492" errors="0">
  <testcase name="testInputBox" time="21.492" classname="com.selenium.elements.practise.InputBox"/>
</testsuite> <!-- com.selenium.elements.practise.InputBox -->
